<?xml version="1.0" encoding="UTF-8"?>
<!-- Generated by org.testng.reporters.JUnitReportReporter -->
<testsuite hostname="user-PC" failures="0" tests="1" name="com.game.test.RandomPlayer_TC001" time="73.894" errors="0" timestamp="04 Jul 2019 23:31:02 GMT" skipped="0">
  <testcase classname="com.game.test.RandomPlayer_TC001" name="RandomPlayer_TestCase001" time="73.894"/>
</testsuite> <!-- com.game.test.RandomPlayer_TC001 -->
